[16:10:18] [Server thread/INFO]: Starting minecraft server version 1.8.8
[16:10:18] [Server thread/WARN]: To start the server with more ram, launch it as "java -Xmx1024M -Xms1024M -jar minecraft_server.jar"
[16:10:18] [Server thread/INFO]: Loading properties
[16:10:18] [Server thread/INFO]: Default game type: SURVIVAL
[16:10:19] [Server thread/INFO]: This server is running PandaSpigot version git-PandaSpigot-85 (MC: 1.8.8) (Implementing API version 1.8.8-R0.1-SNAPSHOT) (Git: 158d845)
[16:10:21] [Server thread/WARN]: Couldn't load server icon
java.lang.IllegalArgumentException: Must be 64 pixels wide
	at org.apache.commons.lang.Validate.isTrue(Validate.java:136) ~[patched_1.8.8.jar:git-PandaSpigot-85]
	at org.bukkit.craftbukkit.v1_8_R3.CraftServer.loadServerIcon0(CraftServer.java:1785) ~[patched_1.8.8.jar:git-PandaSpigot-85]
	at org.bukkit.craftbukkit.v1_8_R3.CraftServer.loadServerIcon0(CraftServer.java:1773) ~[patched_1.8.8.jar:git-PandaSpigot-85]
	at org.bukkit.craftbukkit.v1_8_R3.CraftServer.loadIcon(CraftServer.java:813) ~[patched_1.8.8.jar:git-PandaSpigot-85]
	at org.bukkit.craftbukkit.v1_8_R3.CraftServer.<init>(CraftServer.java:251) ~[patched_1.8.8.jar:git-PandaSpigot-85]
	at net.minecraft.server.v1_8_R3.PlayerList.<init>(PlayerList.java:71) ~[patched_1.8.8.jar:git-PandaSpigot-85]
	at net.minecraft.server.v1_8_R3.DedicatedPlayerList.<init>(DedicatedPlayerList.java:13) ~[patched_1.8.8.jar:git-PandaSpigot-85]
	at net.minecraft.server.v1_8_R3.DedicatedServer.init(DedicatedServer.java:182) ~[patched_1.8.8.jar:git-PandaSpigot-85]
	at net.minecraft.server.v1_8_R3.MinecraftServer.run(MinecraftServer.java:603) ~[patched_1.8.8.jar:git-PandaSpigot-85]
	at net.minecraft.server.v1_8_R3.MinecraftServer.lambda$spin$0(MinecraftServer.java:133) ~[patched_1.8.8.jar:git-PandaSpigot-85]
	at java.lang.Thread.run(Thread.java:750) [?:1.8.0_322]
[16:10:21] [Server thread/INFO]: Server Ping Player Sample Count: 12
[16:10:21] [Server thread/INFO]: Spigot Timings: true - Verbose: true - Interval: 5m - Length: 60m
[16:10:21] [Server thread/INFO]: Using 4 threads for Netty based IO
[16:10:21] [Server thread/INFO]: Debug logging is disabled
[16:10:22] [Server thread/INFO]: Data value allowed items: 
[16:10:22] [Server thread/INFO]: Generating keypair
[16:10:24] [Server thread/INFO]: Starting Minecraft server on localhost:25565
[16:10:24] [Server thread/INFO]: Set PluginClassLoader as parallel capable
[16:10:24] [Server thread/INFO]: [InstantDecay] Loading InstantDecay v1.3
[16:10:24] [Server thread/INFO]: [ProtocolSupport] Loading ProtocolSupport v4.23.dev
[16:10:24] [Server thread/INFO]: [ProtocolSupport] Allocator: PooledByteBufAllocator(directByDefault: true), direct: true
[16:10:24] [Server thread/INFO]: [ProtocolSupport] Compression level: 3
[16:10:25] [Server thread/INFO]: [ProtocolSupport] Assume 1.5.2 ping delay: 100
[16:10:25] [Server thread/INFO]: [ProtocolSupport] Assume legacy ping dealy: 200
[16:10:25] [Server thread/INFO]: [ProtocolSupport] Login threads max count: 8, keep alive time: 60
[16:10:25] [Server thread/WARN]: [ProtocolSupport] Native transport is enabled, this may causes issues. Disable it by setting use-native-transport in server.properties to false.
[16:10:25] [Server thread/INFO]: [ProtocolSupport] Using injected ServerConnection
[16:10:25] [Server thread/INFO]: [ProtocolSupport] Enabling ProtocolSupport v4.23.dev
[16:10:25] [Server thread/WARN]: **** SERVER IS RUNNING IN OFFLINE/INSECURE MODE!
[16:10:25] [Server thread/WARN]: The server will make no attempt to authenticate usernames. Beware.
[16:10:25] [Server thread/WARN]: While this makes the game possible to play without internet access, it also opens up the ability for hackers to connect with any username they choose.
[16:10:25] [Server thread/WARN]: To change this, set "online-mode" to "true" in the server.properties file.
[16:10:25] [Server thread/INFO]: **** Beginning UUID conversion, this may take A LONG time ****
[16:10:25] [Server thread/INFO]: Preparing level "world"
[16:10:25] [Server thread/INFO]: -------- World Settings For [world] --------
[16:10:25] [Server thread/INFO]: Chunks to Grow per Tick: 650
[16:10:25] [Server thread/INFO]: Clear tick list: false
[16:10:25] [Server thread/INFO]: Experience Merge Radius: 3.0
[16:10:26] [Server thread/INFO]: Nerfing mobs spawned from spawners: false
[16:10:26] [Server thread/INFO]: Entity Tracking Range: Pl 48 / An 48 / Mo 48 / Mi 32 / Other 64
[16:10:26] [Server thread/INFO]: Hopper Transfer: 8 Hopper Check: 8 Hopper Amount: 1
[16:10:26] [Server thread/INFO]: Random Lighting Updates: false
[16:10:26] [Server thread/INFO]: Structure Info Saving: true
[16:10:26] [Server thread/INFO]: Anti X-Ray: true
[16:10:26] [Server thread/INFO]: 	Engine Mode: 1
[16:10:26] [Server thread/INFO]: 	Hidden Blocks: [14, 15, 16, 21, 48, 49, 54, 56, 73, 74, 82, 129, 130]
[16:10:26] [Server thread/INFO]: 	Replace Blocks: [1, 5]
[16:10:26] [Server thread/INFO]: Mob Spawn Range: 4
[16:10:26] [Server thread/INFO]: Cactus Growth Modifier: 100%
[16:10:26] [Server thread/INFO]: Cane Growth Modifier: 100%
[16:10:26] [Server thread/INFO]: Melon Growth Modifier: 100%
[16:10:26] [Server thread/INFO]: Mushroom Growth Modifier: 100%
[16:10:26] [Server thread/INFO]: Pumpkin Growth Modifier: 100%
[16:10:26] [Server thread/INFO]: Sapling Growth Modifier: 100%
[16:10:26] [Server thread/INFO]: Wheat Growth Modifier: 100%
[16:10:26] [Server thread/INFO]: NetherWart Growth Modifier: 100%
[16:10:26] [Server thread/INFO]: Entity Activation Range: An 32 / Mo 32 / Mi 16
[16:10:26] [Server thread/INFO]: Sending up to 10 chunks per packet
[16:10:26] [Server thread/INFO]: Max Entity Collisions: 8
[16:10:26] [Server thread/INFO]: Custom Map Seeds:  Village: 10387312 Feature: 14357617
[16:10:26] [Server thread/INFO]: Max TNT Explosions: 100
[16:10:26] [Server thread/INFO]: Tile Max Tick Time: 50ms Entity max Tick Time: 50ms
[16:10:26] [Server thread/INFO]: Allow Zombie Pigmen to spawn from portal blocks: true
[16:10:26] [Server thread/INFO]: Item Despawn Rate: 6000
[16:10:26] [Server thread/INFO]: Item Merge Radius: 2.5
[16:10:26] [Server thread/INFO]: View Distance: 10
[16:10:26] [Server thread/INFO]: Arrow Despawn Rate: 1200
[16:10:26] [Server thread/INFO]: Zombie Aggressive Towards Villager: true
[16:10:26] [Server thread/INFO]: -------- World Settings For [world] --------
[16:10:26] [Server thread/INFO]: Keep spawn chunk loaded: true
[16:10:26] [Server thread/INFO]: WorldServer TickNextTick cap set at 10000
[16:10:26] [Server thread/INFO]: WorldServer TickNextTickList cap always processes redstone: false
[16:10:26] [Server thread/INFO]: World async lighting: false
[16:10:26] [Server thread/INFO]: Remove invalid mob spawner tile entities: true
[16:10:26] [Server thread/INFO]: Max height for cactus growth 3. Max height for reed growth 3
[16:10:26] [Server thread/INFO]: Squids will spawn between Y: 45.0 and Y: 63.0
[16:10:26] [Server thread/INFO]: Living Entity Despawn Ranges:  Soft: 32 Hard: 128
[16:10:26] [Server thread/INFO]: Player blocking damage multiplier set to 0.5
[16:10:26] [Server thread/INFO]: Water over lava flow speed: 5
[16:10:26] [Server thread/INFO]: Fix TNT cannons: false
[16:10:26] [Server thread/INFO]: Allow undead horse types to be leashed: false
[16:10:26] [Server thread/INFO]: -------- World Settings For [world_nether] --------
[16:10:26] [Server thread/INFO]: Chunks to Grow per Tick: 650
[16:10:26] [Server thread/INFO]: Clear tick list: false
[16:10:26] [Server thread/INFO]: Experience Merge Radius: 3.0
[16:10:26] [Server thread/INFO]: Nerfing mobs spawned from spawners: false
[16:10:26] [Server thread/INFO]: Entity Tracking Range: Pl 48 / An 48 / Mo 48 / Mi 32 / Other 64
[16:10:26] [Server thread/INFO]: Hopper Transfer: 8 Hopper Check: 8 Hopper Amount: 1
[16:10:26] [Server thread/INFO]: Random Lighting Updates: false
[16:10:26] [Server thread/INFO]: Structure Info Saving: true
[16:10:26] [Server thread/INFO]: Anti X-Ray: true
[16:10:26] [Server thread/INFO]: 	Engine Mode: 1
[16:10:26] [Server thread/INFO]: 	Hidden Blocks: [14, 15, 16, 21, 48, 49, 54, 56, 73, 74, 82, 129, 130]
[16:10:26] [Server thread/INFO]: 	Replace Blocks: [1, 5]
[16:10:26] [Server thread/INFO]: Mob Spawn Range: 4
[16:10:26] [Server thread/INFO]: Cactus Growth Modifier: 100%
[16:10:26] [Server thread/INFO]: Cane Growth Modifier: 100%
[16:10:26] [Server thread/INFO]: Melon Growth Modifier: 100%
[16:10:26] [Server thread/INFO]: Mushroom Growth Modifier: 100%
[16:10:26] [Server thread/INFO]: Pumpkin Growth Modifier: 100%
[16:10:26] [Server thread/INFO]: Sapling Growth Modifier: 100%
[16:10:26] [Server thread/INFO]: Wheat Growth Modifier: 100%
[16:10:26] [Server thread/INFO]: NetherWart Growth Modifier: 100%
[16:10:26] [Server thread/INFO]: Entity Activation Range: An 32 / Mo 32 / Mi 16
[16:10:26] [Server thread/INFO]: Sending up to 10 chunks per packet
[16:10:26] [Server thread/INFO]: Max Entity Collisions: 8
[16:10:26] [Server thread/INFO]: Custom Map Seeds:  Village: 10387312 Feature: 14357617
[16:10:26] [Server thread/INFO]: Max TNT Explosions: 100
[16:10:26] [Server thread/INFO]: Tile Max Tick Time: 50ms Entity max Tick Time: 50ms
[16:10:26] [Server thread/INFO]: Allow Zombie Pigmen to spawn from portal blocks: true
[16:10:26] [Server thread/INFO]: Item Despawn Rate: 6000
[16:10:26] [Server thread/INFO]: Item Merge Radius: 2.5
[16:10:26] [Server thread/INFO]: View Distance: 10
[16:10:26] [Server thread/INFO]: Arrow Despawn Rate: 1200
[16:10:26] [Server thread/INFO]: Zombie Aggressive Towards Villager: true
[16:10:26] [Server thread/INFO]: -------- World Settings For [world_nether] --------
[16:10:26] [Server thread/INFO]: Keep spawn chunk loaded: true
[16:10:26] [Server thread/INFO]: WorldServer TickNextTick cap set at 10000
[16:10:26] [Server thread/INFO]: WorldServer TickNextTickList cap always processes redstone: false
[16:10:26] [Server thread/INFO]: World async lighting: false
[16:10:26] [Server thread/INFO]: Remove invalid mob spawner tile entities: true
[16:10:26] [Server thread/INFO]: Max height for cactus growth 3. Max height for reed growth 3
[16:10:26] [Server thread/INFO]: Squids will spawn between Y: 45.0 and Y: 63.0
[16:10:26] [Server thread/INFO]: Living Entity Despawn Ranges:  Soft: 32 Hard: 128
[16:10:26] [Server thread/INFO]: Player blocking damage multiplier set to 0.5
[16:10:26] [Server thread/INFO]: Water over lava flow speed: 5
[16:10:26] [Server thread/INFO]: Fix TNT cannons: false
[16:10:26] [Server thread/INFO]: Allow undead horse types to be leashed: false
[16:10:26] [Server thread/INFO]: -------- World Settings For [world_the_end] --------
[16:10:26] [Server thread/INFO]: Chunks to Grow per Tick: 650
[16:10:26] [Server thread/INFO]: Clear tick list: false
[16:10:26] [Server thread/INFO]: Experience Merge Radius: 3.0
[16:10:26] [Server thread/INFO]: Nerfing mobs spawned from spawners: false
[16:10:26] [Server thread/INFO]: Entity Tracking Range: Pl 48 / An 48 / Mo 48 / Mi 32 / Other 64
[16:10:26] [Server thread/INFO]: Hopper Transfer: 8 Hopper Check: 8 Hopper Amount: 1
[16:10:26] [Server thread/INFO]: Random Lighting Updates: false
[16:10:26] [Server thread/INFO]: Structure Info Saving: true
[16:10:26] [Server thread/INFO]: Anti X-Ray: true
[16:10:26] [Server thread/INFO]: 	Engine Mode: 1
[16:10:26] [Server thread/INFO]: 	Hidden Blocks: [14, 15, 16, 21, 48, 49, 54, 56, 73, 74, 82, 129, 130]
[16:10:26] [Server thread/INFO]: 	Replace Blocks: [1, 5]
[16:10:26] [Server thread/INFO]: Mob Spawn Range: 4
[16:10:26] [Server thread/INFO]: Cactus Growth Modifier: 100%
[16:10:26] [Server thread/INFO]: Cane Growth Modifier: 100%
[16:10:26] [Server thread/INFO]: Melon Growth Modifier: 100%
[16:10:26] [Server thread/INFO]: Mushroom Growth Modifier: 100%
[16:10:26] [Server thread/INFO]: Pumpkin Growth Modifier: 100%
[16:10:26] [Server thread/INFO]: Sapling Growth Modifier: 100%
[16:10:26] [Server thread/INFO]: Wheat Growth Modifier: 100%
[16:10:26] [Server thread/INFO]: NetherWart Growth Modifier: 100%
[16:10:26] [Server thread/INFO]: Entity Activation Range: An 32 / Mo 32 / Mi 16
[16:10:26] [Server thread/INFO]: Sending up to 10 chunks per packet
[16:10:26] [Server thread/INFO]: Max Entity Collisions: 8
[16:10:26] [Server thread/INFO]: Custom Map Seeds:  Village: 10387312 Feature: 14357617
[16:10:26] [Server thread/INFO]: Max TNT Explosions: 100
[16:10:26] [Server thread/INFO]: Tile Max Tick Time: 50ms Entity max Tick Time: 50ms
[16:10:26] [Server thread/INFO]: Allow Zombie Pigmen to spawn from portal blocks: true
[16:10:26] [Server thread/INFO]: Item Despawn Rate: 6000
[16:10:26] [Server thread/INFO]: Item Merge Radius: 2.5
[16:10:26] [Server thread/INFO]: View Distance: 10
[16:10:26] [Server thread/INFO]: Arrow Despawn Rate: 1200
[16:10:26] [Server thread/INFO]: Zombie Aggressive Towards Villager: true
[16:10:26] [Server thread/INFO]: -------- World Settings For [world_the_end] --------
[16:10:26] [Server thread/INFO]: Keep spawn chunk loaded: true
[16:10:26] [Server thread/INFO]: WorldServer TickNextTick cap set at 10000
[16:10:26] [Server thread/INFO]: WorldServer TickNextTickList cap always processes redstone: false
[16:10:26] [Server thread/INFO]: World async lighting: false
[16:10:26] [Server thread/INFO]: Remove invalid mob spawner tile entities: true
[16:10:26] [Server thread/INFO]: Max height for cactus growth 3. Max height for reed growth 3
[16:10:26] [Server thread/INFO]: Squids will spawn between Y: 45.0 and Y: 63.0
[16:10:26] [Server thread/INFO]: Living Entity Despawn Ranges:  Soft: 32 Hard: 128
[16:10:26] [Server thread/INFO]: Player blocking damage multiplier set to 0.5
[16:10:26] [Server thread/INFO]: Water over lava flow speed: 5
[16:10:26] [Server thread/INFO]: Fix TNT cannons: false
[16:10:26] [Server thread/INFO]: Allow undead horse types to be leashed: false
[16:10:26] [Server thread/INFO]: Preparing start region for level 0 (Seed: 3025135005249716012)
[16:10:29] [Server thread/INFO]: Preparing spawn area: 2%
[16:10:30] [Server thread/INFO]: Preparing spawn area: 20%
[16:10:31] [Server thread/INFO]: Preparing spawn area: 41%
[16:10:32] [Server thread/INFO]: Preparing spawn area: 61%
[16:10:33] [Server thread/INFO]: Preparing spawn area: 92%
[16:10:33] [Server thread/INFO]: Preparing start region for level 1 (Seed: 3025135005249716012)
[16:10:34] [Server thread/INFO]: Preparing spawn area: 18%
[16:10:35] [Server thread/INFO]: Preparing spawn area: 45%
[16:10:36] [Server thread/INFO]: Preparing spawn area: 65%
[16:10:37] [Server thread/INFO]: Preparing spawn area: 97%
[16:10:37] [Server thread/INFO]: Preparing start region for level 2 (Seed: 3025135005249716012)
[16:10:38] [Server thread/INFO]: Preparing spawn area: 79%
[16:10:38] [Server thread/INFO]: [InstantDecay] Enabling InstantDecay v1.3
[16:10:39] [Server thread/INFO]: Server permissions file permissions.yml is empty, ignoring it
[16:10:39] [Server thread/INFO]: Done (13.416s)! For help, type "help" or "?"
[16:10:39] [Server thread/INFO]: Using epoll channel type
[16:10:40] [Server thread/ERROR]: Couldn't load server icon
java.lang.IllegalStateException: Must be 64 pixels wide
	at org.apache.commons.lang3.Validate.validState(Validate.java:826) ~[patched_1.8.8.jar:git-PandaSpigot-85]
	at net.minecraft.server.v1_8_R3.MinecraftServer.a(MinecraftServer.java:773) ~[patched_1.8.8.jar:git-PandaSpigot-85]
	at net.minecraft.server.v1_8_R3.MinecraftServer.run(MinecraftServer.java:609) ~[patched_1.8.8.jar:git-PandaSpigot-85]
	at net.minecraft.server.v1_8_R3.MinecraftServer.lambda$spin$0(MinecraftServer.java:133) ~[patched_1.8.8.jar:git-PandaSpigot-85]
	at java.lang.Thread.run(Thread.java:750) [?:1.8.0_322]
[16:10:40] [Server thread/INFO]: Timings Reset
[16:10:57] [Server thread/WARN]: Can't keep up! Is the server overloaded? Running 16736ms or 334 ticks behind
[16:12:04] [LoginProcessingThread/INFO]: UUID of player ViggVigg98 is 5af8e3a6-2ef9-3064-8dad-a2c43b44dfd9
[16:12:04] [Server thread/INFO]: ViggVigg98[<ip address withheld>] logged in with entity id 105 at ([world]245.5, 62.0, -85.5)
[16:12:51] [Server thread/INFO]: ViggVigg98 issued server command: /pl
[16:12:59] [Server thread/INFO]: ViggVigg98 issued server command: /time set day
[16:13:05] [Server thread/INFO]: ViggVigg98 lost connection: Internal Exception: io.netty.channel.unix.Errors$NativeIoException: recvAddress(..) failed: Connection reset by peer
[16:13:05] [Server thread/INFO]: ViggVigg98 left the game.
[16:14:00] [LoginProcessingThread/INFO]: UUID of player Niko is 94a0ea3a-a4a9-3dc2-8526-d2852ea10bbb
[16:14:01] [Server thread/INFO]: Niko[<ip address withheld>] logged in with entity id 133 at ([world]259.5, 71.0, -80.5)
[16:14:06] [Server thread/INFO]: Niko issued server command: /time set day
[16:14:14] [Server thread/INFO]: Opped Niko
[16:14:20] [Server thread/INFO]: Niko issued server command: /time set day
[16:14:20] [Server thread/INFO]: [Niko: Set the time to 1000]
[16:14:23] [Server thread/INFO]: Niko issued server command: /gmc
[16:14:27] [Server thread/INFO]: Niko issued server command: /gamemode 1
[16:14:27] [Server thread/INFO]: [Niko: Set own game mode to Creative Mode]
[16:15:52] [Server thread/INFO]: Niko issued server command: /plWA
[16:15:53] [Server thread/INFO]: Niko issued server command: /pl
[16:16:05] [Server thread/INFO]: Niko issued server command: /save-all
[16:16:06] [Server thread/INFO]: [Niko: Saved the world]
[16:16:08] [Server thread/INFO]: Niko issued server command: /save-on
[16:16:08] [Server thread/INFO]: [Niko: Saving is already turned on.]
[16:16:14] [Server thread/INFO]: Niko issued server command: /stop
[16:16:14] [Server thread/INFO]: [Niko: Stopping the server]
[16:16:14] [Server thread/INFO]: Stopping server
[16:16:14] [Server thread/INFO]: [ProtocolSupport] Disabling ProtocolSupport v4.23.dev
[16:16:14] [Server thread/INFO]: [InstantDecay] Disabling InstantDecay v1.3
[16:16:14] [Server thread/INFO]: Saving players
[16:16:14] [Server thread/INFO]: Niko lost connection: Server closed
[16:16:14] [Server thread/INFO]: Niko left the game.
[16:16:14] [Server thread/INFO]: Saving worlds
[16:16:14] [Server thread/INFO]: Saving chunks for level 'world'/Overworld
[16:16:14] [Server thread/INFO]: Saving chunks for level 'world_nether'/Nether
[16:16:14] [Server thread/INFO]: Saving chunks for level 'world_the_end'/The End
